# JRE version: OpenJDK Runtime Environment (8.0_362-b09) (build 1.8.0_362-b09)
# Java VM: OpenJDK 64-Bit Server VM (25.362-b09 mixed mode windows-amd64 compressed oops)
Heap:
 PSYoungGen      total 287744K, used 166035K [0x000000076c400000, 0x000000077e680000, 0x00000007c0000000)
  eden space 279040K, 59% used [0x000000076c400000,0x00000007765dcc28,0x000000077d480000)
  from space 8704K, 3% used [0x000000077de00000,0x000000077de48000,0x000000077e680000)
  to   space 9216K, 0% used [0x000000077d480000,0x000000077d480000,0x000000077dd80000)
 ParOldGen       total 128000K, used 19243K [0x00000006c4c00000, 0x00000006cc900000, 0x000000076c400000)
  object space 128000K, 15% used [0x00000006c4c00000,0x00000006c5ecafb8,0x00000006cc900000)
 Metaspace       used 24884K, capacity 25257K, committed 25344K, reserved 1071104K
  class space    used 2933K, capacity 3051K, committed 3072K, reserved 1048576K
GC Heap History (10 events):
Event: 25.560 GC heap before
{Heap before GC invocations=25 (full 1):
 PSYoungGen      total 270848K, used 258400K [0x000000076c400000, 0x000000077e180000, 0x00000007c0000000)
  eden space 258048K, 100% used [0x000000076c400000,0x000000077c000000,0x000000077c000000)
  from space 12800K, 2% used [0x000000077c000000,0x000000077c058000,0x000000077cc80000)
  to   space 12288K, 0% used [0x000000077d580000,0x000000077d580000,0x000000077e180000)
 ParOldGen       total 128000K, used 18987K [0x00000006c4c00000, 0x00000006cc900000, 0x000000076c400000)
  object space 128000K, 14% used [0x00000006c4c00000,0x00000006c5e8afb8,0x00000006cc900000)
 Metaspace       used 24840K, capacity 25193K, committed 25344K, reserved 1071104K
  class space    used 2928K, capacity 3051K, committed 3072K, reserved 1048576K
Event: 25.562 GC heap after
Heap after GC invocations=25 (full 1):
 PSYoungGen      total 275968K, used 352K [0x000000076c400000, 0x000000077de80000, 0x00000007c0000000)
  eden space 266752K, 0% used [0x000000076c400000,0x000000076c400000,0x000000077c880000)
  from space 9216K, 3% used [0x000000077d580000,0x000000077d5d8000,0x000000077de80000)
  to   space 11264K, 0% used [0x000000077c880000,0x000000077c880000,0x000000077d380000)
 ParOldGen       total 128000K, used 19043K [0x00000006c4c00000, 0x00000006cc900000, 0x000000076c400000)
  object space 128000K, 14% used [0x00000006c4c00000,0x00000006c5e98fb8,0x00000006cc900000)
 Metaspace       used 24840K, capacity 25193K, committed 25344K, reserved 1071104K
  class space    used 2928K, capacity 3051K, committed 3072K, reserved 1048576K
}
Event: 26.408 GC heap before
{Heap before GC invocations=26 (full 1):
 PSYoungGen      total 275968K, used 267104K [0x000000076c400000, 0x000000077de80000, 0x00000007c0000000)
  eden space 266752K, 100% used [0x000000076c400000,0x000000077c880000,0x000000077c880000)
  from space 9216K, 3% used [0x000000077d580000,0x000000077d5d8000,0x000000077de80000)
  to   space 11264K, 0% used [0x000000077c880000,0x000000077c880000,0x000000077d380000)
 ParOldGen       total 128000K, used 19043K [0x00000006c4c00000, 0x00000006cc900000, 0x000000076c400000)
  object space 128000K, 14% used [0x00000006c4c00000,0x00000006c5e98fb8,0x00000006cc900000)
 Metaspace       used 24840K, capacity 25193K, committed 25344K, reserved 1071104K
  class space    used 2928K, capacity 3051K, committed 3072K, reserved 1048576K
Event: 26.409 GC heap after
Heap after GC invocations=26 (full 1):
 PSYoungGen      total 278016K, used 352K [0x000000076c400000, 0x000000077e400000, 0x00000007c0000000)
  eden space 266752K, 0% used [0x000000076c400000,0x000000076c400000,0x000000077c880000)
  from space 11264K, 3% used [0x000000077c880000,0x000000077c8d8000,0x000000077d380000)
  to   space 10752K, 0% used [0x000000077d980000,0x000000077d980000,0x000000077e400000)
 ParOldGen       total 128000K, used 19091K [0x00000006c4c00000, 0x00000006cc900000, 0x000000076c400000)
  object space 128000K, 14% used [0x00000006c4c00000,0x00000006c5ea4fb8,0x00000006cc900000)
 Metaspace       used 24840K, capacity 25193K, committed 25344K, reserved 1071104K
  class space    used 2928K, capacity 3051K, committed 3072K, reserved 1048576K
}
Event: 27.211 GC heap before
{Heap before GC invocations=27 (full 1):
 PSYoungGen      total 278016K, used 267104K [0x000000076c400000, 0x000000077e400000, 0x00000007c0000000)
  eden space 266752K, 100% used [0x000000076c400000,0x000000077c880000,0x000000077c880000)
  from space 11264K, 3% used [0x000000077c880000,0x000000077c8d8000,0x000000077d380000)
  to   space 10752K, 0% used [0x000000077d980000,0x000000077d980000,0x000000077e400000)
 ParOldGen       total 128000K, used 19091K [0x00000006c4c00000, 0x00000006cc900000, 0x000000076c400000)
  object space 128000K, 14% used [0x00000006c4c00000,0x00000006c5ea4fb8,0x00000006cc900000)
 Metaspace       used 24844K, capacity 25193K, committed 25344K, reserved 1071104K
  class space    used 2928K, capacity 3051K, committed 3072K, reserved 1048576K
Event: 27.212 GC heap after
Heap after GC invocations=27 (full 1):
 PSYoungGen      total 282112K, used 352K [0x000000076c400000, 0x000000077e280000, 0x00000007c0000000)
  eden space 272896K, 0% used [0x000000076c400000,0x000000076c400000,0x000000077ce80000)
  from space 9216K, 3% used [0x000000077d980000,0x000000077d9d8000,0x000000077e280000)
  to   space 10240K, 0% used [0x000000077ce80000,0x000000077ce80000,0x000000077d880000)
 ParOldGen       total 128000K, used 19139K [0x00000006c4c00000, 0x00000006cc900000, 0x000000076c400000)
  object space 128000K, 14% used [0x00000006c4c00000,0x00000006c5eb0fb8,0x00000006cc900000)
 Metaspace       used 24844K, capacity 25193K, committed 25344K, reserved 1071104K
  class space    used 2928K, capacity 3051K, committed 3072K, reserved 1048576K
}
Event: 28.011 GC heap before
{Heap before GC invocations=28 (full 1):
 PSYoungGen      total 282112K, used 273248K [0x000000076c400000, 0x000000077e280000, 0x00000007c0000000)
  eden space 272896K, 100% used [0x000000076c400000,0x000000077ce80000,0x000000077ce80000)
  from space 9216K, 3% used [0x000000077d980000,0x000000077d9d8000,0x000000077e280000)
  to   space 10240K, 0% used [0x000000077ce80000,0x000000077ce80000,0x000000077d880000)
 ParOldGen       total 128000K, used 19139K [0x00000006c4c00000, 0x00000006cc900000, 0x000000076c400000)
  object space 128000K, 14% used [0x00000006c4c00000,0x00000006c5eb0fb8,0x00000006cc900000)
 Metaspace       used 24857K, capacity 25193K, committed 25344K, reserved 1071104K
  class space    used 2928K, capacity 3051K, committed 3072K, reserved 1048576K
Event: 28.012 GC heap after
Heap after GC invocations=28 (full 1):
 PSYoungGen      total 283136K, used 352K [0x000000076c400000, 0x000000077e780000, 0x00000007c0000000)
  eden space 272896K, 0% used [0x000000076c400000,0x000000076c400000,0x000000077ce80000)
  from space 10240K, 3% used [0x000000077ce80000,0x000000077ced8000,0x000000077d880000)
  to   space 9728K, 0% used [0x000000077de00000,0x000000077de00000,0x000000077e780000)
 ParOldGen       total 128000K, used 19195K [0x00000006c4c00000, 0x00000006cc900000, 0x000000076c400000)
  object space 128000K, 14% used [0x00000006c4c00000,0x00000006c5ebefb8,0x00000006cc900000)
 Metaspace       used 24857K, capacity 25193K, committed 25344K, reserved 1071104K
  class space    used 2928K, capacity 3051K, committed 3072K, reserved 1048576K
}
Event: 28.779 GC heap before
{Heap before GC invocations=29 (full 1):
 PSYoungGen      total 283136K, used 273248K [0x000000076c400000, 0x000000077e780000, 0x00000007c0000000)
  eden space 272896K, 100% used [0x000000076c400000,0x000000077ce80000,0x000000077ce80000)
  from space 10240K, 3% used [0x000000077ce80000,0x000000077ced8000,0x000000077d880000)
  to   space 9728K, 0% used [0x000000077de00000,0x000000077de00000,0x000000077e780000)
 ParOldGen       total 128000K, used 19195K [0x00000006c4c00000, 0x00000006cc900000, 0x000000076c400000)
  object space 128000K, 14% used [0x00000006c4c00000,0x00000006c5ebefb8,0x00000006cc900000)
 Metaspace       used 24857K, capacity 25193K, committed 25344K, reserved 1071104K
  class space    used 2928K, capacity 3051K, committed 3072K, reserved 1048576K
Event: 28.780 GC heap after
Heap after GC invocations=29 (full 1):
 PSYoungGen      total 287744K, used 288K [0x000000076c400000, 0x000000077e680000, 0x00000007c0000000)
  eden space 279040K, 0% used [0x000000076c400000,0x000000076c400000,0x000000077d480000)
  from space 8704K, 3% used [0x000000077de00000,0x000000077de48000,0x000000077e680000)
  to   space 9216K, 0% used [0x000000077d480000,0x000000077d480000,0x000000077dd80000)
 ParOldGen       total 128000K, used 19243K [0x00000006c4c00000, 0x00000006cc900000, 0x000000076c400000)
  object space 128000K, 15% used [0x00000006c4c00000,0x00000006c5ecafb8,0x00000006cc900000)
 Metaspace       used 24857K, capacity 25193K, committed 25344K, reserved 1071104K
  class space    used 2928K, capacity 3051K, committed 3072K, reserved 1048576K
}

