# JRE version: OpenJDK Runtime Environment (8.0_362-b09) (build 1.8.0_362-b09)
# Java VM: OpenJDK 64-Bit Server VM (25.362-b09 mixed mode windows-amd64 compressed oops)
Heap:
 PSYoungGen      total 327168K, used 153749K [0x000000076c400000, 0x0000000780700000, 0x00000007c0000000)
  eden space 324096K, 47% used [0x000000076c400000,0x0000000775a15450,0x0000000780080000)
  from space 3072K, 2% used [0x0000000780380000,0x0000000780390000,0x0000000780680000)
  to   space 3072K, 0% used [0x0000000780080000,0x0000000780080000,0x0000000780380000)
 ParOldGen       total 129024K, used 19821K [0x00000006c4c00000, 0x00000006cca00000, 0x000000076c400000)
  object space 129024K, 15% used [0x00000006c4c00000,0x00000006c5f5b588,0x00000006cca00000)
 Metaspace       used 24863K, capacity 25197K, committed 25344K, reserved 1071104K
  class space    used 2936K, capacity 3051K, committed 3072K, reserved 1048576K
GC Heap History (10 events):
Event: 29.425 GC heap before
{Heap before GC invocations=43 (full 1):
 PSYoungGen      total 315392K, used 311456K [0x000000076c400000, 0x0000000780000000, 0x00000007c0000000)
  eden space 311296K, 100% used [0x000000076c400000,0x000000077f400000,0x000000077f400000)
  from space 4096K, 3% used [0x000000077f400000,0x000000077f428000,0x000000077f800000)
  to   space 4096K, 0% used [0x000000077fc00000,0x000000077fc00000,0x0000000780000000)
 ParOldGen       total 129024K, used 19749K [0x00000006c4c00000, 0x00000006cca00000, 0x000000076c400000)
  object space 129024K, 15% used [0x00000006c4c00000,0x00000006c5f49588,0x00000006cca00000)
 Metaspace       used 24851K, capacity 25197K, committed 25344K, reserved 1071104K
  class space    used 2934K, capacity 3051K, committed 3072K, reserved 1048576K
Event: 29.426 GC heap after
Heap after GC invocations=43 (full 1):
 PSYoungGen      total 319488K, used 160K [0x000000076c400000, 0x000000077ff80000, 0x00000007c0000000)
  eden space 315904K, 0% used [0x000000076c400000,0x000000076c400000,0x000000077f880000)
  from space 3584K, 4% used [0x000000077fc00000,0x000000077fc28000,0x000000077ff80000)
  to   space 3584K, 0% used [0x000000077f880000,0x000000077f880000,0x000000077fc00000)
 ParOldGen       total 129024K, used 19749K [0x00000006c4c00000, 0x00000006cca00000, 0x000000076c400000)
  object space 129024K, 15% used [0x00000006c4c00000,0x00000006c5f49588,0x00000006cca00000)
 Metaspace       used 24851K, capacity 25197K, committed 25344K, reserved 1071104K
  class space    used 2934K, capacity 3051K, committed 3072K, reserved 1048576K
}
Event: 30.227 GC heap before
{Heap before GC invocations=44 (full 1):
 PSYoungGen      total 319488K, used 316064K [0x000000076c400000, 0x000000077ff80000, 0x00000007c0000000)
  eden space 315904K, 100% used [0x000000076c400000,0x000000077f880000,0x000000077f880000)
  from space 3584K, 4% used [0x000000077fc00000,0x000000077fc28000,0x000000077ff80000)
  to   space 3584K, 0% used [0x000000077f880000,0x000000077f880000,0x000000077fc00000)
 ParOldGen       total 129024K, used 19749K [0x00000006c4c00000, 0x00000006cca00000, 0x000000076c400000)
  object space 129024K, 15% used [0x00000006c4c00000,0x00000006c5f49588,0x00000006cca00000)
 Metaspace       used 24851K, capacity 25197K, committed 25344K, reserved 1071104K
  class space    used 2934K, capacity 3051K, committed 3072K, reserved 1048576K
Event: 30.229 GC heap after
Heap after GC invocations=44 (full 1):
 PSYoungGen      total 319488K, used 192K [0x000000076c400000, 0x0000000780400000, 0x00000007c0000000)
  eden space 315904K, 0% used [0x000000076c400000,0x000000076c400000,0x000000077f880000)
  from space 3584K, 5% used [0x000000077f880000,0x000000077f8b0000,0x000000077fc00000)
  to   space 3584K, 0% used [0x0000000780080000,0x0000000780080000,0x0000000780400000)
 ParOldGen       total 129024K, used 19749K [0x00000006c4c00000, 0x00000006cca00000, 0x000000076c400000)
  object space 129024K, 15% used [0x00000006c4c00000,0x00000006c5f49588,0x00000006cca00000)
 Metaspace       used 24851K, capacity 25197K, committed 25344K, reserved 1071104K
  class space    used 2934K, capacity 3051K, committed 3072K, reserved 1048576K
}
Event: 31.024 GC heap before
{Heap before GC invocations=45 (full 1):
 PSYoungGen      total 319488K, used 316096K [0x000000076c400000, 0x0000000780400000, 0x00000007c0000000)
  eden space 315904K, 100% used [0x000000076c400000,0x000000077f880000,0x000000077f880000)
  from space 3584K, 5% used [0x000000077f880000,0x000000077f8b0000,0x000000077fc00000)
  to   space 3584K, 0% used [0x0000000780080000,0x0000000780080000,0x0000000780400000)
 ParOldGen       total 129024K, used 19749K [0x00000006c4c00000, 0x00000006cca00000, 0x000000076c400000)
  object space 129024K, 15% used [0x00000006c4c00000,0x00000006c5f49588,0x00000006cca00000)
 Metaspace       used 24852K, capacity 25197K, committed 25344K, reserved 1071104K
  class space    used 2934K, capacity 3051K, committed 3072K, reserved 1048576K
Event: 31.025 GC heap after
Heap after GC invocations=45 (full 1):
 PSYoungGen      total 322048K, used 192K [0x000000076c400000, 0x0000000780280000, 0x00000007c0000000)
  eden space 320000K, 0% used [0x000000076c400000,0x000000076c400000,0x000000077fc80000)
  from space 2048K, 9% used [0x0000000780080000,0x00000007800b0000,0x0000000780280000)
  to   space 3072K, 0% used [0x000000077fc80000,0x000000077fc80000,0x000000077ff80000)
 ParOldGen       total 129024K, used 19781K [0x00000006c4c00000, 0x00000006cca00000, 0x000000076c400000)
  object space 129024K, 15% used [0x00000006c4c00000,0x00000006c5f51588,0x00000006cca00000)
 Metaspace       used 24852K, capacity 25197K, committed 25344K, reserved 1071104K
  class space    used 2934K, capacity 3051K, committed 3072K, reserved 1048576K
}
Event: 31.791 GC heap before
{Heap before GC invocations=46 (full 1):
 PSYoungGen      total 322048K, used 320192K [0x000000076c400000, 0x0000000780280000, 0x00000007c0000000)
  eden space 320000K, 100% used [0x000000076c400000,0x000000077fc80000,0x000000077fc80000)
  from space 2048K, 9% used [0x0000000780080000,0x00000007800b0000,0x0000000780280000)
  to   space 3072K, 0% used [0x000000077fc80000,0x000000077fc80000,0x000000077ff80000)
 ParOldGen       total 129024K, used 19781K [0x00000006c4c00000, 0x00000006cca00000, 0x000000076c400000)
  object space 129024K, 15% used [0x00000006c4c00000,0x00000006c5f51588,0x00000006cca00000)
 Metaspace       used 24854K, capacity 25197K, committed 25344K, reserved 1071104K
  class space    used 2934K, capacity 3051K, committed 3072K, reserved 1048576K
Event: 31.792 GC heap after
Heap after GC invocations=46 (full 1):
 PSYoungGen      total 323072K, used 160K [0x000000076c400000, 0x0000000780680000, 0x00000007c0000000)
  eden space 320000K, 0% used [0x000000076c400000,0x000000076c400000,0x000000077fc80000)
  from space 3072K, 5% used [0x000000077fc80000,0x000000077fca8000,0x000000077ff80000)
  to   space 3072K, 0% used [0x0000000780380000,0x0000000780380000,0x0000000780680000)
 ParOldGen       total 129024K, used 19789K [0x00000006c4c00000, 0x00000006cca00000, 0x000000076c400000)
  object space 129024K, 15% used [0x00000006c4c00000,0x00000006c5f53588,0x00000006cca00000)
 Metaspace       used 24854K, capacity 25197K, committed 25344K, reserved 1071104K
  class space    used 2934K, capacity 3051K, committed 3072K, reserved 1048576K
}
Event: 32.555 GC heap before
{Heap before GC invocations=47 (full 1):
 PSYoungGen      total 323072K, used 320160K [0x000000076c400000, 0x0000000780680000, 0x00000007c0000000)
  eden space 320000K, 100% used [0x000000076c400000,0x000000077fc80000,0x000000077fc80000)
  from space 3072K, 5% used [0x000000077fc80000,0x000000077fca8000,0x000000077ff80000)
  to   space 3072K, 0% used [0x0000000780380000,0x0000000780380000,0x0000000780680000)
 ParOldGen       total 129024K, used 19789K [0x00000006c4c00000, 0x00000006cca00000, 0x000000076c400000)
  object space 129024K, 15% used [0x00000006c4c00000,0x00000006c5f53588,0x00000006cca00000)
 Metaspace       used 24854K, capacity 25197K, committed 25344K, reserved 1071104K
  class space    used 2934K, capacity 3051K, committed 3072K, reserved 1048576K
Event: 32.556 GC heap after
Heap after GC invocations=47 (full 1):
 PSYoungGen      total 327168K, used 64K [0x000000076c400000, 0x0000000780700000, 0x00000007c0000000)
  eden space 324096K, 0% used [0x000000076c400000,0x000000076c400000,0x0000000780080000)
  from space 3072K, 2% used [0x0000000780380000,0x0000000780390000,0x0000000780680000)
  to   space 3072K, 0% used [0x0000000780080000,0x0000000780080000,0x0000000780380000)
 ParOldGen       total 129024K, used 19821K [0x00000006c4c00000, 0x00000006cca00000, 0x000000076c400000)
  object space 129024K, 15% used [0x00000006c4c00000,0x00000006c5f5b588,0x00000006cca00000)
 Metaspace       used 24854K, capacity 25197K, committed 25344K, reserved 1071104K
  class space    used 2934K, capacity 3051K, committed 3072K, reserved 1048576K
}

