# JRE version: OpenJDK Runtime Environment (8.0_362-b09) (build 1.8.0_362-b09)
# Java VM: OpenJDK 64-Bit Server VM (25.362-b09 mixed mode windows-amd64 compressed oops)
Heap:
 PSYoungGen      total 494080K, used 219903K [0x000000076c400000, 0x000000078b100000, 0x00000007c0000000)
  eden space 484352K, 45% used [0x000000076c400000,0x0000000779a7fe70,0x0000000789d00000)
  from space 9728K, 2% used [0x000000078a780000,0x000000078a7c0000,0x000000078b100000)
  to   space 10240K, 0% used [0x0000000789d00000,0x0000000789d00000,0x000000078a700000)
 ParOldGen       total 125440K, used 19311K [0x00000006c4c00000, 0x00000006cc680000, 0x000000076c400000)
  object space 125440K, 15% used [0x00000006c4c00000,0x00000006c5edbfb0,0x00000006cc680000)
 Metaspace       used 24880K, capacity 25253K, committed 25344K, reserved 1071104K
  class space    used 2931K, capacity 3051K, committed 3072K, reserved 1048576K
GC Heap History (10 events):
Event: 23.465 GC heap before
{Heap before GC invocations=23 (full 1):
 PSYoungGen      total 464896K, used 451488K [0x000000076c400000, 0x000000078a580000, 0x00000007c0000000)
  eden space 451072K, 100% used [0x000000076c400000,0x0000000787c80000,0x0000000787c80000)
  from space 13824K, 3% used [0x0000000787c80000,0x0000000787ce8000,0x0000000788a00000)
  to   space 13312K, 0% used [0x0000000789880000,0x0000000789880000,0x000000078a580000)
 ParOldGen       total 125440K, used 19015K [0x00000006c4c00000, 0x00000006cc680000, 0x000000076c400000)
  object space 125440K, 15% used [0x00000006c4c00000,0x00000006c5e91fb0,0x00000006cc680000)
 Metaspace       used 24854K, capacity 25183K, committed 25344K, reserved 1071104K
  class space    used 2928K, capacity 3050K, committed 3072K, reserved 1048576K
Event: 23.466 GC heap after
Heap after GC invocations=23 (full 1):
 PSYoungGen      total 474624K, used 352K [0x000000076c400000, 0x000000078a280000, 0x00000007c0000000)
  eden space 464384K, 0% used [0x000000076c400000,0x000000076c400000,0x0000000788980000)
  from space 10240K, 3% used [0x0000000789880000,0x00000007898d8000,0x000000078a280000)
  to   space 12800K, 0% used [0x0000000788980000,0x0000000788980000,0x0000000789600000)
 ParOldGen       total 125440K, used 19079K [0x00000006c4c00000, 0x00000006cc680000, 0x000000076c400000)
  object space 125440K, 15% used [0x00000006c4c00000,0x00000006c5ea1fb0,0x00000006cc680000)
 Metaspace       used 24854K, capacity 25183K, committed 25344K, reserved 1071104K
  class space    used 2928K, capacity 3050K, committed 3072K, reserved 1048576K
}
Event: 24.714 GC heap before
{Heap before GC invocations=24 (full 1):
 PSYoungGen      total 474624K, used 464736K [0x000000076c400000, 0x000000078a280000, 0x00000007c0000000)
  eden space 464384K, 100% used [0x000000076c400000,0x0000000788980000,0x0000000788980000)
  from space 10240K, 3% used [0x0000000789880000,0x00000007898d8000,0x000000078a280000)
  to   space 12800K, 0% used [0x0000000788980000,0x0000000788980000,0x0000000789600000)
 ParOldGen       total 125440K, used 19079K [0x00000006c4c00000, 0x00000006cc680000, 0x000000076c400000)
  object space 125440K, 15% used [0x00000006c4c00000,0x00000006c5ea1fb0,0x00000006cc680000)
 Metaspace       used 24865K, capacity 25247K, committed 25344K, reserved 1071104K
  class space    used 2928K, capacity 3050K, committed 3072K, reserved 1048576K
Event: 24.716 GC heap after
Heap after GC invocations=24 (full 1):
 PSYoungGen      total 477184K, used 352K [0x000000076c400000, 0x000000078ae00000, 0x00000007c0000000)
  eden space 464384K, 0% used [0x000000076c400000,0x000000076c400000,0x0000000788980000)
  from space 12800K, 2% used [0x0000000788980000,0x00000007889d8000,0x0000000789600000)
  to   space 12288K, 0% used [0x000000078a200000,0x000000078a200000,0x000000078ae00000)
 ParOldGen       total 125440K, used 19135K [0x00000006c4c00000, 0x00000006cc680000, 0x000000076c400000)
  object space 125440K, 15% used [0x00000006c4c00000,0x00000006c5eaffb0,0x00000006cc680000)
 Metaspace       used 24865K, capacity 25247K, committed 25344K, reserved 1071104K
  class space    used 2928K, capacity 3050K, committed 3072K, reserved 1048576K
}
Event: 25.931 GC heap before
{Heap before GC invocations=25 (full 1):
 PSYoungGen      total 477184K, used 464736K [0x000000076c400000, 0x000000078ae00000, 0x00000007c0000000)
  eden space 464384K, 100% used [0x000000076c400000,0x0000000788980000,0x0000000788980000)
  from space 12800K, 2% used [0x0000000788980000,0x00000007889d8000,0x0000000789600000)
  to   space 12288K, 0% used [0x000000078a200000,0x000000078a200000,0x000000078ae00000)
 ParOldGen       total 125440K, used 19135K [0x00000006c4c00000, 0x00000006cc680000, 0x000000076c400000)
  object space 125440K, 15% used [0x00000006c4c00000,0x00000006c5eaffb0,0x00000006cc680000)
 Metaspace       used 24865K, capacity 25247K, committed 25344K, reserved 1071104K
  class space    used 2928K, capacity 3050K, committed 3072K, reserved 1048576K
Event: 25.932 GC heap after
Heap after GC invocations=25 (full 1):
 PSYoungGen      total 486400K, used 256K [0x000000076c400000, 0x000000078ac00000, 0x00000007c0000000)
  eden space 476160K, 0% used [0x000000076c400000,0x000000076c400000,0x0000000789500000)
  from space 10240K, 2% used [0x000000078a200000,0x000000078a240000,0x000000078ac00000)
  to   space 11776K, 0% used [0x0000000789500000,0x0000000789500000,0x000000078a080000)
 ParOldGen       total 125440K, used 19191K [0x00000006c4c00000, 0x00000006cc680000, 0x000000076c400000)
  object space 125440K, 15% used [0x00000006c4c00000,0x00000006c5ebdfb0,0x00000006cc680000)
 Metaspace       used 24865K, capacity 25247K, committed 25344K, reserved 1071104K
  class space    used 2928K, capacity 3050K, committed 3072K, reserved 1048576K
}
Event: 27.165 GC heap before
{Heap before GC invocations=26 (full 1):
 PSYoungGen      total 486400K, used 476416K [0x000000076c400000, 0x000000078ac00000, 0x00000007c0000000)
  eden space 476160K, 100% used [0x000000076c400000,0x0000000789500000,0x0000000789500000)
  from space 10240K, 2% used [0x000000078a200000,0x000000078a240000,0x000000078ac00000)
  to   space 11776K, 0% used [0x0000000789500000,0x0000000789500000,0x000000078a080000)
 ParOldGen       total 125440K, used 19191K [0x00000006c4c00000, 0x00000006cc680000, 0x000000076c400000)
  object space 125440K, 15% used [0x00000006c4c00000,0x00000006c5ebdfb0,0x00000006cc680000)
 Metaspace       used 24865K, capacity 25247K, committed 25344K, reserved 1071104K
  class space    used 2928K, capacity 3050K, committed 3072K, reserved 1048576K
Event: 27.166 GC heap after
Heap after GC invocations=26 (full 1):
 PSYoungGen      total 487936K, used 288K [0x000000076c400000, 0x000000078b200000, 0x00000007c0000000)
  eden space 476160K, 0% used [0x000000076c400000,0x000000076c400000,0x0000000789500000)
  from space 11776K, 2% used [0x0000000789500000,0x0000000789548000,0x000000078a080000)
  to   space 10752K, 0% used [0x000000078a780000,0x000000078a780000,0x000000078b200000)
 ParOldGen       total 125440K, used 19247K [0x00000006c4c00000, 0x00000006cc680000, 0x000000076c400000)
  object space 125440K, 15% used [0x00000006c4c00000,0x00000006c5ecbfb0,0x00000006cc680000)
 Metaspace       used 24865K, capacity 25247K, committed 25344K, reserved 1071104K
  class space    used 2928K, capacity 3050K, committed 3072K, reserved 1048576K
}
Event: 28.384 GC heap before
{Heap before GC invocations=27 (full 1):
 PSYoungGen      total 487936K, used 476448K [0x000000076c400000, 0x000000078b200000, 0x00000007c0000000)
  eden space 476160K, 100% used [0x000000076c400000,0x0000000789500000,0x0000000789500000)
  from space 11776K, 2% used [0x0000000789500000,0x0000000789548000,0x000000078a080000)
  to   space 10752K, 0% used [0x000000078a780000,0x000000078a780000,0x000000078b200000)
 ParOldGen       total 125440K, used 19247K [0x00000006c4c00000, 0x00000006cc680000, 0x000000076c400000)
  object space 125440K, 15% used [0x00000006c4c00000,0x00000006c5ecbfb0,0x00000006cc680000)
 Metaspace       used 24871K, capacity 25253K, committed 25344K, reserved 1071104K
  class space    used 2928K, capacity 3051K, committed 3072K, reserved 1048576K
Event: 28.386 GC heap after
Heap after GC invocations=27 (full 1):
 PSYoungGen      total 494080K, used 256K [0x000000076c400000, 0x000000078b100000, 0x00000007c0000000)
  eden space 484352K, 0% used [0x000000076c400000,0x000000076c400000,0x0000000789d00000)
  from space 9728K, 2% used [0x000000078a780000,0x000000078a7c0000,0x000000078b100000)
  to   space 10240K, 0% used [0x0000000789d00000,0x0000000789d00000,0x000000078a700000)
 ParOldGen       total 125440K, used 19311K [0x00000006c4c00000, 0x00000006cc680000, 0x000000076c400000)
  object space 125440K, 15% used [0x00000006c4c00000,0x00000006c5edbfb0,0x00000006cc680000)
 Metaspace       used 24871K, capacity 25253K, committed 25344K, reserved 1071104K
  class space    used 2928K, capacity 3051K, committed 3072K, reserved 1048576K
}

