# JRE version: OpenJDK Runtime Environment (8.0_362-b09) (build 1.8.0_362-b09)
# Java VM: OpenJDK 64-Bit Server VM (25.362-b09 mixed mode windows-amd64 compressed oops)
Heap:
 PSYoungGen      total 452608K, used 154942K [0x000000076c400000, 0x0000000789d80000, 0x00000007c0000000)
  eden space 437248K, 35% used [0x000000076c400000,0x0000000775ac7b48,0x0000000786f00000)
  from space 15360K, 3% used [0x0000000786f00000,0x0000000786f88000,0x0000000787e00000)
  to   space 14848K, 0% used [0x0000000788f00000,0x0000000788f00000,0x0000000789d80000)
 ParOldGen       total 126976K, used 18786K [0x00000006c4c00000, 0x00000006cc800000, 0x000000076c400000)
  object space 126976K, 14% used [0x00000006c4c00000,0x00000006c5e58a38,0x00000006cc800000)
 Metaspace       used 25027K, capacity 25397K, committed 25600K, reserved 1071104K
  class space    used 2947K, capacity 3051K, committed 3072K, reserved 1048576K
GC Heap History (10 events):
Event: 12.454 GC heap before
{Heap before GC invocations=16 (full 1):
 PSYoungGen      total 405504K, used 389902K [0x000000076c400000, 0x0000000786300000, 0x00000007c0000000)
  eden space 388096K, 100% used [0x000000076c400000,0x0000000783f00000,0x0000000783f00000)
  from space 17408K, 10% used [0x0000000785200000,0x00000007853c3890,0x0000000786300000)
  to   space 18432K, 0% used [0x0000000783f00000,0x0000000783f00000,0x0000000785100000)
 ParOldGen       total 126976K, used 17570K [0x00000006c4c00000, 0x00000006cc800000, 0x000000076c400000)
  object space 126976K, 13% used [0x00000006c4c00000,0x00000006c5d28b30,0x00000006cc800000)
 Metaspace       used 24899K, capacity 25269K, committed 25344K, reserved 1071104K
  class space    used 2942K, capacity 3051K, committed 3072K, reserved 1048576K
Event: 12.457 GC heap after
Heap after GC invocations=16 (full 1):
 PSYoungGen      total 406528K, used 1822K [0x000000076c400000, 0x0000000788380000, 0x00000007c0000000)
  eden space 388096K, 0% used [0x000000076c400000,0x000000076c400000,0x0000000783f00000)
  from space 18432K, 9% used [0x0000000783f00000,0x00000007840c78a0,0x0000000785100000)
  to   space 17920K, 0% used [0x0000000787200000,0x0000000787200000,0x0000000788380000)
 ParOldGen       total 126976K, used 17578K [0x00000006c4c00000, 0x00000006cc800000, 0x000000076c400000)
  object space 126976K, 13% used [0x00000006c4c00000,0x00000006c5d2ab30,0x00000006cc800000)
 Metaspace       used 24899K, capacity 25269K, committed 25344K, reserved 1071104K
  class space    used 2942K, capacity 3051K, committed 3072K, reserved 1048576K
}
Event: 13.695 GC heap before
{Heap before GC invocations=17 (full 1):
 PSYoungGen      total 406528K, used 389918K [0x000000076c400000, 0x0000000788380000, 0x00000007c0000000)
  eden space 388096K, 100% used [0x000000076c400000,0x0000000783f00000,0x0000000783f00000)
  from space 18432K, 9% used [0x0000000783f00000,0x00000007840c78a0,0x0000000785100000)
  to   space 17920K, 0% used [0x0000000787200000,0x0000000787200000,0x0000000788380000)
 ParOldGen       total 126976K, used 17578K [0x00000006c4c00000, 0x00000006cc800000, 0x000000076c400000)
  object space 126976K, 13% used [0x00000006c4c00000,0x00000006c5d2ab30,0x00000006cc800000)
 Metaspace       used 24945K, capacity 25333K, committed 25600K, reserved 1071104K
  class space    used 2942K, capacity 3051K, committed 3072K, reserved 1048576K
Event: 13.698 GC heap after
Heap after GC invocations=17 (full 1):
 PSYoungGen      total 431104K, used 1710K [0x000000076c400000, 0x0000000787e00000, 0x00000007c0000000)
  eden space 418816K, 0% used [0x000000076c400000,0x000000076c400000,0x0000000785d00000)
  from space 12288K, 13% used [0x0000000787200000,0x00000007873ab890,0x0000000787e00000)
  to   space 16896K, 0% used [0x0000000785d00000,0x0000000785d00000,0x0000000786d80000)
 ParOldGen       total 126976K, used 17586K [0x00000006c4c00000, 0x00000006cc800000, 0x000000076c400000)
  object space 126976K, 13% used [0x00000006c4c00000,0x00000006c5d2cb30,0x00000006cc800000)
 Metaspace       used 24945K, capacity 25333K, committed 25600K, reserved 1071104K
  class space    used 2942K, capacity 3051K, committed 3072K, reserved 1048576K
}
Event: 15.044 GC heap before
{Heap before GC invocations=18 (full 1):
 PSYoungGen      total 431104K, used 420526K [0x000000076c400000, 0x0000000787e00000, 0x00000007c0000000)
  eden space 418816K, 100% used [0x000000076c400000,0x0000000785d00000,0x0000000785d00000)
  from space 12288K, 13% used [0x0000000787200000,0x00000007873ab890,0x0000000787e00000)
  to   space 16896K, 0% used [0x0000000785d00000,0x0000000785d00000,0x0000000786d80000)
 ParOldGen       total 126976K, used 17586K [0x00000006c4c00000, 0x00000006cc800000, 0x000000076c400000)
  object space 126976K, 13% used [0x00000006c4c00000,0x00000006c5d2cb30,0x00000006cc800000)
 Metaspace       used 24953K, capacity 25333K, committed 25600K, reserved 1071104K
  class space    used 2942K, capacity 3051K, committed 3072K, reserved 1048576K
Event: 15.047 GC heap after
Heap after GC invocations=18 (full 1):
 PSYoungGen      total 435712K, used 1678K [0x000000076c400000, 0x0000000789000000, 0x00000007c0000000)
  eden space 418816K, 0% used [0x000000076c400000,0x000000076c400000,0x0000000785d00000)
  from space 16896K, 9% used [0x0000000785d00000,0x0000000785ea3890,0x0000000786d80000)
  to   space 15872K, 0% used [0x0000000788080000,0x0000000788080000,0x0000000789000000)
 ParOldGen       total 126976K, used 17594K [0x00000006c4c00000, 0x00000006cc800000, 0x000000076c400000)
  object space 126976K, 13% used [0x00000006c4c00000,0x00000006c5d2eb30,0x00000006cc800000)
 Metaspace       used 24953K, capacity 25333K, committed 25600K, reserved 1071104K
  class space    used 2942K, capacity 3051K, committed 3072K, reserved 1048576K
}
Event: 16.289 GC heap before
{Heap before GC invocations=19 (full 1):
 PSYoungGen      total 435712K, used 420494K [0x000000076c400000, 0x0000000789000000, 0x00000007c0000000)
  eden space 418816K, 100% used [0x000000076c400000,0x0000000785d00000,0x0000000785d00000)
  from space 16896K, 9% used [0x0000000785d00000,0x0000000785ea3890,0x0000000786d80000)
  to   space 15872K, 0% used [0x0000000788080000,0x0000000788080000,0x0000000789000000)
 ParOldGen       total 126976K, used 17594K [0x00000006c4c00000, 0x00000006cc800000, 0x000000076c400000)
  object space 126976K, 13% used [0x00000006c4c00000,0x00000006c5d2eb30,0x00000006cc800000)
 Metaspace       used 24992K, capacity 25333K, committed 25600K, reserved 1071104K
  class space    used 2945K, capacity 3051K, committed 3072K, reserved 1048576K
Event: 16.292 GC heap after
Heap after GC invocations=19 (full 1):
 PSYoungGen      total 450048K, used 1742K [0x000000076c400000, 0x0000000788d00000, 0x00000007c0000000)
  eden space 437248K, 0% used [0x000000076c400000,0x000000076c400000,0x0000000786f00000)
  from space 12800K, 13% used [0x0000000788080000,0x0000000788233890,0x0000000788d00000)
  to   space 15360K, 0% used [0x0000000786f00000,0x0000000786f00000,0x0000000787e00000)
 ParOldGen       total 126976K, used 17602K [0x00000006c4c00000, 0x00000006cc800000, 0x000000076c400000)
  object space 126976K, 13% used [0x00000006c4c00000,0x00000006c5d30b30,0x00000006cc800000)
 Metaspace       used 24992K, capacity 25333K, committed 25600K, reserved 1071104K
  class space    used 2945K, capacity 3051K, committed 3072K, reserved 1048576K
}
Event: 17.528 GC heap before
{Heap before GC invocations=20 (full 1):
 PSYoungGen      total 450048K, used 438990K [0x000000076c400000, 0x0000000788d00000, 0x00000007c0000000)
  eden space 437248K, 100% used [0x000000076c400000,0x0000000786f00000,0x0000000786f00000)
  from space 12800K, 13% used [0x0000000788080000,0x0000000788233890,0x0000000788d00000)
  to   space 15360K, 0% used [0x0000000786f00000,0x0000000786f00000,0x0000000787e00000)
 ParOldGen       total 126976K, used 17602K [0x00000006c4c00000, 0x00000006cc800000, 0x000000076c400000)
  object space 126976K, 13% used [0x00000006c4c00000,0x00000006c5d30b30,0x00000006cc800000)
 Metaspace       used 25013K, capacity 25397K, committed 25600K, reserved 1071104K
  class space    used 2945K, capacity 3051K, committed 3072K, reserved 1048576K
Event: 17.530 GC heap after
Heap after GC invocations=20 (full 1):
 PSYoungGen      total 452608K, used 544K [0x000000076c400000, 0x0000000789d80000, 0x00000007c0000000)
  eden space 437248K, 0% used [0x000000076c400000,0x000000076c400000,0x0000000786f00000)
  from space 15360K, 3% used [0x0000000786f00000,0x0000000786f88000,0x0000000787e00000)
  to   space 14848K, 0% used [0x0000000788f00000,0x0000000788f00000,0x0000000789d80000)
 ParOldGen       total 126976K, used 18786K [0x00000006c4c00000, 0x00000006cc800000, 0x000000076c400000)
  object space 126976K, 14% used [0x00000006c4c00000,0x00000006c5e58a38,0x00000006cc800000)
 Metaspace       used 25013K, capacity 25397K, committed 25600K, reserved 1071104K
  class space    used 2945K, capacity 3051K, committed 3072K, reserved 1048576K
}

